Traceback (most recent call last):
  File "c:\users\ayrto\anaconda3\envs\esda-spatial\lib\site-packages\jupyter_cache\executors\utils.py", line 56, in single_nb_execution
    record_timing=False,
  File "c:\users\ayrto\anaconda3\envs\esda-spatial\lib\site-packages\nbclient\client.py", line 1082, in execute
    return NotebookClient(nb=nb, resources=resources, km=km, **kwargs).execute()
  File "c:\users\ayrto\anaconda3\envs\esda-spatial\lib\site-packages\nbclient\util.py", line 74, in wrapped
    return just_run(coro(*args, **kwargs))
  File "c:\users\ayrto\anaconda3\envs\esda-spatial\lib\site-packages\nbclient\util.py", line 53, in just_run
    return loop.run_until_complete(coro)
  File "c:\users\ayrto\anaconda3\envs\esda-spatial\lib\asyncio\base_events.py", line 587, in run_until_complete
    return future.result()
  File "c:\users\ayrto\anaconda3\envs\esda-spatial\lib\site-packages\nbclient\client.py", line 536, in async_execute
    cell, index, execution_count=self.code_cells_executed + 1
  File "c:\users\ayrto\anaconda3\envs\esda-spatial\lib\site-packages\nbclient\client.py", line 827, in async_execute_cell
    self._check_raise_for_error(cell, exec_reply)
  File "c:\users\ayrto\anaconda3\envs\esda-spatial\lib\site-packages\nbclient\client.py", line 735, in _check_raise_for_error
    raise CellExecutionError.from_cell_and_msg(cell, exec_reply['content'])
nbclient.exceptions.CellExecutionError: An error occurred while executing the following cell:
------------------
land_cover <- raster('../data/africa/land_cover.tif')
#solar <- raster('../data/africa/solar.tif')
#elevation <- raster('../data/africa/elevation.tif')

plot(land_cover)
------------------

Error in .rasterObjectFromFile(x, band = band, objecttype = "RasterLayer", : Cannot create RasterLayer object from this file; perhaps you need to install rgdal first
Traceback:

1. raster("../data/africa/land_cover.tif")
2. raster("../data/africa/land_cover.tif")
3. .local(x, ...)
4. .rasterObjectFromFile(x, band = band, objecttype = "RasterLayer", 
 .     ...)
5. stop("Cannot create RasterLayer object from this file; perhaps you need to install rgdal first")
ERROR: Error in .rasterObjectFromFile(x, band = band, objecttype = "RasterLayer", : Cannot create RasterLayer object from this file; perhaps you need to install rgdal first


